<?xml version="1.0" encoding="UTF-8"?>
<!-- Generated by org.testng.reporters.JUnitReportReporter -->
<testsuite hostname="DESKTOP-E48ULTU" failures="0" tests="1" name="testcases.TestCase_01" time="32.408" errors="0" timestamp="2025-03-01T22:48:04 IST" skipped="0">
  <testcase classname="testcases.TestCase_01" name="loginWithValidCredential" time="32.408"/>
</testsuite> <!-- testcases.TestCase_01 -->
