<?xml version="1.0" encoding="UTF-8"?>
<!-- Generated by org.testng.reporters.JUnitReportReporter -->
<testsuite hostname="DESKTOP-E48ULTU" failures="0" tests="1" name="testcases.TestCase_01" time="11.809" errors="0" timestamp="2025-03-03T14:22:18 IST" skipped="0">
  <testcase classname="testcases.TestCase_01" name="loginWithValidCredential" time="11.809"/>
</testsuite> <!-- testcases.TestCase_01 -->
