<?xml version="1.0" encoding="UTF-8"?>
<!-- Generated by org.testng.reporters.JUnitReportReporter -->
<testsuite hostname="DESKTOP-E48ULTU" failures="0" tests="1" name="pages.UserListingPage" time="6.416" errors="0" timestamp="2025-03-04T14:34:09 IST" skipped="0">
  <testcase classname="pages.UserListingPage" name="heading" time="6.416"/>
</testsuite> <!-- pages.UserListingPage -->
