<?xml version="1.0" encoding="UTF-8"?>
<!-- Generated by org.testng.reporters.JUnitReportReporter -->
<testsuite hostname="DESKTOP-E48ULTU" failures="0" tests="1" name="testcases.TestCases_02" time="8.809" errors="0" timestamp="2025-03-04T14:38:12 IST" skipped="0">
  <testcase classname="testcases.TestCases_02" name="loginWithInvalidCredentials" time="8.809"/>
</testsuite> <!-- testcases.TestCases_02 -->
